0 info it worked if it ends with ok
1 verbose cli [ '/usr/bin/node', '/usr/bin/npm', 'run', 'client' ]
2 info using npm@3.5.2
3 info using node@v8.10.0
4 verbose run-script [ 'preclient', 'client', 'postclient' ]
5 info lifecycle alpine_club_app@1.0.0~preclient: alpine_club_app@1.0.0
6 silly lifecycle alpine_club_app@1.0.0~preclient: no script for preclient, continuing
7 info lifecycle alpine_club_app@1.0.0~client: alpine_club_app@1.0.0
8 verbose lifecycle alpine_club_app@1.0.0~client: unsafe-perm in lifecycle true
9 verbose lifecycle alpine_club_app@1.0.0~client: PATH: /usr/share/npm/bin/node-gyp-bin:/home/dima/Desktop/ood/projects/CSCI5448semesterproject/frontend/node_modules/.bin:/opt/ros/melodic/bin:/home/dima/anaconda3/condabin:/usr/local/cuda-10.2/bin:/home/dima/.local/bin:/usr/local/cuda-10.2/bin:/usr/local/sbin:/usr/local/bin:/usr/sbin:/usr/bin:/sbin:/bin:/usr/games:/usr/local/games:/snap/bin
10 verbose lifecycle alpine_club_app@1.0.0~client: CWD: /home/dima/Desktop/ood/projects/CSCI5448semesterproject/frontend
11 silly lifecycle alpine_club_app@1.0.0~client: Args: [ '-c', 'webpack -d --watch' ]
12 silly lifecycle alpine_club_app@1.0.0~client: Returned: code: 1  signal: null
13 info lifecycle alpine_club_app@1.0.0~client: Failed to exec client script
14 verbose stack Error: alpine_club_app@1.0.0 client: `webpack -d --watch`
14 verbose stack Exit status 1
14 verbose stack     at EventEmitter.<anonymous> (/usr/share/npm/lib/utils/lifecycle.js:232:16)
14 verbose stack     at emitTwo (events.js:126:13)
14 verbose stack     at EventEmitter.emit (events.js:214:7)
14 verbose stack     at ChildProcess.<anonymous> (/usr/share/npm/lib/utils/spawn.js:24:14)
14 verbose stack     at emitTwo (events.js:126:13)
14 verbose stack     at ChildProcess.emit (events.js:214:7)
14 verbose stack     at maybeClose (internal/child_process.js:925:16)
14 verbose stack     at Process.ChildProcess._handle.onexit (internal/child_process.js:209:5)
15 verbose pkgid alpine_club_app@1.0.0
16 verbose cwd /home/dima/Desktop/ood/projects/CSCI5448semesterproject/frontend
17 error Linux 5.3.0-42-generic
18 error argv "/usr/bin/node" "/usr/bin/npm" "run" "client"
19 error node v8.10.0
20 error npm  v3.5.2
21 error code ELIFECYCLE
22 error alpine_club_app@1.0.0 client: `webpack -d --watch`
22 error Exit status 1
23 error Failed at the alpine_club_app@1.0.0 client script 'webpack -d --watch'.
23 error Make sure you have the latest version of node.js and npm installed.
23 error If you do, this is most likely a problem with the alpine_club_app package,
23 error not with npm itself.
23 error Tell the author that this fails on your system:
23 error     webpack -d --watch
23 error You can get information on how to open an issue for this project with:
23 error     npm bugs alpine_club_app
23 error Or if that isn't available, you can get their info via:
23 error     npm owner ls alpine_club_app
23 error There is likely additional logging output above.
24 verbose exit [ 1, true ]
